This is pdfTeX, Version 3.141592653-2.6-1.40.24 (TeX Live 2022/Arch Linux) (preloaded format=pdflatex 2022.9.15)  5 OCT 2022 22:28
entering extended mode
 restricted \write18 enabled.
 file:line:error style messages enabled.
 %&-line parsing enabled.
**/home/eina/Desktop/cicle/m01/uf1/nf2/zorin/zorin.tex
(/home/eina/Desktop/cicle/m01/uf1/nf2/zorin/zorin.tex
LaTeX2e <2021-11-15> patch level 1
L3 programming layer <2022-04-10> (/usr/share/texmf-dist/tex/latex/base/article.cls
Document Class: article 2021/10/04 v1.4n Standard LaTeX document class
(/usr/share/texmf-dist/tex/latex/base/size12.clo
File: size12.clo 2021/10/04 v1.4n Standard LaTeX file (size option)
)
\c@part=\count185
\c@section=\count186
\c@subsection=\count187
\c@subsubsection=\count188
\c@paragraph=\count189
\c@subparagraph=\count190
\c@figure=\count191
\c@table=\count192
\abovecaptionskip=\skip47
\belowcaptionskip=\skip48
\bibindent=\dimen138
) (/usr/share/texmf-dist/tex/latex/base/inputenc.sty
Package: inputenc 2021/02/14 v1.3d Input encoding file
\inpenc@prehook=\toks16
\inpenc@posthook=\toks17
) (/usr/share/texmf-dist/tex/generic/babel/babel.sty
Package: babel 2022/02/26 3.73 The Babel package
\babel@savecnt=\count193
\U@D=\dimen139
\l@unhyphenated=\language87
 (/usr/share/texmf-dist/tex/generic/babel/txtbabel.def)
\bbl@readstream=\read2
\bbl@dirlevel=\count194
 (/usr/share/texmf-dist/tex/generic/babel-catalan/catalan.ldf
Language: catalan 2005/03/29 v2.2p Catalan support from the babel system
Package babel Info: Making " an active character on input line 91.
Warning: You are using encoding OT1 instead of T1.
Some word breaks will not be found.
\leftllkern=\dimen140
\rightllkern=\dimen141
\raiselldim=\dimen142
)) (/usr/share/texmf-dist/tex/latex/fancyhdr/fancyhdr.sty
Package: fancyhdr 2021/01/28 v4.0.1 Extensive control of page headers and footers
\f@nch@headwidth=\skip49
\f@nch@O@elh=\skip50
\f@nch@O@erh=\skip51
\f@nch@O@olh=\skip52
\f@nch@O@orh=\skip53
\f@nch@O@elf=\skip54
\f@nch@O@erf=\skip55
\f@nch@O@olf=\skip56
\f@nch@O@orf=\skip57
) (/usr/share/texmf-dist/tex/latex/geometry/geometry.sty
Package: geometry 2020/01/02 v5.9 Page Geometry
 (/usr/share/texmf-dist/tex/latex/graphics/keyval.sty
Package: keyval 2014/10/28 v1.15 key=value parser (DPC)
\KV@toks@=\toks18
) (/usr/share/texmf-dist/tex/generic/iftex/ifvtex.sty
Package: ifvtex 2019/10/25 v1.7 ifvtex legacy package. Use iftex instead.
 (/usr/share/texmf-dist/tex/generic/iftex/iftex.sty
Package: iftex 2022/02/03 v1.0f TeX engine tests
))
\Gm@cnth=\count195
\Gm@cntv=\count196
\c@Gm@tempcnt=\count197
\Gm@bindingoffset=\dimen143
\Gm@wd@mp=\dimen144
\Gm@odd@mp=\dimen145
\Gm@even@mp=\dimen146
\Gm@layoutwidth=\dimen147
\Gm@layoutheight=\dimen148
\Gm@layouthoffset=\dimen149
\Gm@layoutvoffset=\dimen150
\Gm@dimlist=\toks19
) (/usr/share/texmf-dist/tex/latex/graphics/graphicx.sty
Package: graphicx 2021/09/16 v1.2d Enhanced LaTeX Graphics (DPC,SPQR)
 (/usr/share/texmf-dist/tex/latex/graphics/graphics.sty
Package: graphics 2021/03/04 v1.4d Standard LaTeX Graphics (DPC,SPQR)
 (/usr/share/texmf-dist/tex/latex/graphics/trig.sty
Package: trig 2021/08/11 v1.11 sin cos tan (DPC)
) (/usr/share/texmf-dist/tex/latex/graphics-cfg/graphics.cfg
File: graphics.cfg 2016/06/04 v1.11 sample graphics configuration
)
Package graphics Info: Driver file: pdftex.def on input line 107.
 (/usr/share/texmf-dist/tex/latex/graphics-def/pdftex.def
File: pdftex.def 2020/10/05 v1.2a Graphics/color driver for pdftex
))
\Gin@req@height=\dimen151
\Gin@req@width=\dimen152
) (/usr/share/texmf-dist/tex/latex/hyperref/hyperref.sty
Package: hyperref 2022-02-21 v7.00n Hypertext links for LaTeX
 (/usr/share/texmf-dist/tex/generic/ltxcmds/ltxcmds.sty
Package: ltxcmds 2020-05-10 v1.25 LaTeX kernel commands for general use (HO)
) (/usr/share/texmf-dist/tex/generic/pdftexcmds/pdftexcmds.sty
Package: pdftexcmds 2020-06-27 v0.33 Utility functions of pdfTeX for LuaTeX (HO)
 (/usr/share/texmf-dist/tex/generic/infwarerr/infwarerr.sty
Package: infwarerr 2019/12/03 v1.5 Providing info/warning/error messages (HO)
)
Package pdftexcmds Info: \pdf@primitive is available.
Package pdftexcmds Info: \pdf@ifprimitive is available.
Package pdftexcmds Info: \pdfdraftmode found.
) (/usr/share/texmf-dist/tex/generic/kvsetkeys/kvsetkeys.sty
Package: kvsetkeys 2019/12/15 v1.18 Key value parser (HO)
) (/usr/share/texmf-dist/tex/generic/kvdefinekeys/kvdefinekeys.sty
Package: kvdefinekeys 2019-12-19 v1.6 Define keys (HO)
) (/usr/share/texmf-dist/tex/generic/pdfescape/pdfescape.sty
Package: pdfescape 2019/12/09 v1.15 Implements pdfTeX's escape features (HO)
) (/usr/share/texmf-dist/tex/latex/hycolor/hycolor.sty
Package: hycolor 2020-01-27 v1.10 Color options for hyperref/bookmark (HO)
) (/usr/share/texmf-dist/tex/latex/letltxmacro/letltxmacro.sty
Package: letltxmacro 2019/12/03 v1.6 Let assignment for LaTeX macros (HO)
) (/usr/share/texmf-dist/tex/latex/auxhook/auxhook.sty
Package: auxhook 2019-12-17 v1.6 Hooks for auxiliary files (HO)
) (/usr/share/texmf-dist/tex/latex/kvoptions/kvoptions.sty
Package: kvoptions 2020-10-07 v3.14 Key value format for package options (HO)
)
\@linkdim=\dimen153
\Hy@linkcounter=\count198
\Hy@pagecounter=\count199
 (/usr/share/texmf-dist/tex/latex/hyperref/pd1enc.def
File: pd1enc.def 2022-02-21 v7.00n Hyperref: PDFDocEncoding definition (HO)
Now handling font encoding PD1 ...
... no UTF-8 mapping file for font encoding PD1
) (/usr/share/texmf-dist/tex/generic/intcalc/intcalc.sty
Package: intcalc 2019/12/15 v1.3 Expandable calculations with integers (HO)
) (/usr/share/texmf-dist/tex/generic/etexcmds/etexcmds.sty
Package: etexcmds 2019/12/15 v1.7 Avoid name clashes with e-TeX commands (HO)
)
\Hy@SavedSpaceFactor=\count266
 (/usr/share/texmf-dist/tex/latex/hyperref/puenc.def
File: puenc.def 2022-02-21 v7.00n Hyperref: PDF Unicode definition (HO)
Now handling font encoding PU ...
... no UTF-8 mapping file for font encoding PU
)
Package hyperref Info: Option `colorlinks' set `true' on input line 4018.
Package hyperref Info: Hyper figures OFF on input line 4137.
Package hyperref Info: Link nesting OFF on input line 4142.
Package hyperref Info: Hyper index ON on input line 4145.
Package hyperref Info: Plain pages OFF on input line 4152.
Package hyperref Info: Backreferencing OFF on input line 4157.
Package hyperref Info: Implicit mode ON; LaTeX internals redefined.
Package hyperref Info: Bookmarks ON on input line 4390.
\c@Hy@tempcnt=\count267
 (/usr/share/texmf-dist/tex/latex/url/url.sty
\Urlmuskip=\muskip16
Package: url 2013/09/16  ver 3.4  Verb mode for urls, etc.
)
LaTeX Info: Redefining \url on input line 4749.
\XeTeXLinkMargin=\dimen154
 (/usr/share/texmf-dist/tex/generic/bitset/bitset.sty
Package: bitset 2019/12/09 v1.3 Handle bit-vector datatype (HO)
 (/usr/share/texmf-dist/tex/generic/bigintcalc/bigintcalc.sty
Package: bigintcalc 2019/12/15 v1.5 Expandable calculations on big integers (HO)
))
\Fld@menulength=\count268
\Field@Width=\dimen155
\Fld@charsize=\dimen156
Package hyperref Info: Hyper figures OFF on input line 6027.
Package hyperref Info: Link nesting OFF on input line 6032.
Package hyperref Info: Hyper index ON on input line 6035.
Package hyperref Info: backreferencing OFF on input line 6042.
Package hyperref Info: Link coloring ON on input line 6045.
Package hyperref Info: Link coloring with OCG OFF on input line 6052.
Package hyperref Info: PDF/A mode OFF on input line 6057.
LaTeX Info: Redefining \ref on input line 6097.
LaTeX Info: Redefining \pageref on input line 6101.
 (/usr/share/texmf-dist/tex/latex/base/atbegshi-ltx.sty
Package: atbegshi-ltx 2021/01/10 v1.0c Emulation of the original atbegshi
package with kernel methods
)
\Hy@abspage=\count269
\c@Item=\count270
\c@Hfootnote=\count271
)
Package hyperref Info: Driver (autodetected): hpdftex.
 (/usr/share/texmf-dist/tex/latex/hyperref/hpdftex.def
File: hpdftex.def 2022-02-21 v7.00n Hyperref driver for pdfTeX
 (/usr/share/texmf-dist/tex/latex/base/atveryend-ltx.sty
Package: atveryend-ltx 2020/08/19 v1.0a Emulation of the original atveryend package
with kernel methods
)
\Fld@listcount=\count272
\c@bookmark@seq@number=\count273
 (/usr/share/texmf-dist/tex/latex/rerunfilecheck/rerunfilecheck.sty
Package: rerunfilecheck 2019/12/05 v1.9 Rerun checks for auxiliary files (HO)
 (/usr/share/texmf-dist/tex/generic/uniquecounter/uniquecounter.sty
Package: uniquecounter 2019/12/15 v1.4 Provide unlimited unique counter (HO)
)
Package uniquecounter Info: New unique counter `rerunfilecheck' on input line 286.
)
\Hy@SectionHShift=\skip58
) (/usr/share/texmf-dist/tex/latex/tools/indentfirst.sty
Package: indentfirst 1995/11/23 v1.03 Indent first paragraph (DPC)
) (/usr/share/texmf-dist/tex/latex/titlesec/titlesec.sty
Package: titlesec 2021/07/05 v2.14 Sectioning titles
\ttl@box=\box50
\beforetitleunit=\skip59
\aftertitleunit=\skip60
\ttl@plus=\dimen157
\ttl@minus=\dimen158
\ttl@toksa=\toks20
\titlewidth=\dimen159
\titlewidthlast=\dimen160
\titlewidthfirst=\dimen161
) (/usr/share/texmf-dist/tex/latex/l3backend/l3backend-pdftex.def
File: l3backend-pdftex.def 2022-04-14 L3 backend support: PDF output (pdfTeX)
\l__color_backend_stack_int=\count274
\l__pdf_internal_box=\box51
) (./zorin.aux (./portada.aux))
\openout1 = `zorin.aux'.

LaTeX Font Info:    Checking defaults for OML/cmm/m/it on input line 44.
LaTeX Font Info:    ... okay on input line 44.
LaTeX Font Info:    Checking defaults for OMS/cmsy/m/n on input line 44.
LaTeX Font Info:    ... okay on input line 44.
LaTeX Font Info:    Checking defaults for OT1/cmr/m/n on input line 44.
LaTeX Font Info:    ... okay on input line 44.
LaTeX Font Info:    Checking defaults for T1/cmr/m/n on input line 44.
LaTeX Font Info:    ... okay on input line 44.
LaTeX Font Info:    Checking defaults for TS1/cmr/m/n on input line 44.
LaTeX Font Info:    ... okay on input line 44.
LaTeX Font Info:    Checking defaults for OMX/cmex/m/n on input line 44.
LaTeX Font Info:    ... okay on input line 44.
LaTeX Font Info:    Checking defaults for U/cmr/m/n on input line 44.
LaTeX Font Info:    ... okay on input line 44.
LaTeX Font Info:    Checking defaults for PD1/pdf/m/n on input line 44.
LaTeX Font Info:    ... okay on input line 44.
LaTeX Font Info:    Checking defaults for PU/pdf/m/n on input line 44.
LaTeX Font Info:    ... okay on input line 44.
LaTeX Info: Redefining \l on input line 44.
LaTeX Info: Redefining \L on input line 44.

*geometry* driver: auto-detecting
*geometry* detected driver: pdftex
*geometry* verbose mode - [ preamble ] result:
* driver: pdftex
* paper: a4paper
* layout: <same size as paper>
* layoutoffset:(h,v)=(0.0pt,0.0pt)
* modes: 
* h-part:(L,W,R)=(89.62709pt, 418.25368pt, 89.6271pt)
* v-part:(T,H,B)=(101.40665pt, 591.5302pt, 152.11pt)
* \paperwidth=597.50787pt
* \paperheight=845.04684pt
* \textwidth=418.25368pt
* \textheight=648.4357pt
* \oddsidemargin=17.3571pt
* \evensidemargin=17.3571pt
* \topmargin=-27.86334pt
* \headheight=40.0pt
* \headsep=25.0pt
* \topskip=12.0pt
* \footskip=30.0pt
* \marginparwidth=35.0pt
* \marginparsep=10.0pt
* \columnsep=10.0pt
* \skip\footins=10.8pt plus 4.0pt minus 2.0pt
* \hoffset=0.0pt
* \voffset=0.0pt
* \mag=1000
* \@twocolumnfalse
* \@twosidefalse
* \@mparswitchfalse
* \@reversemarginfalse
* (1in=72.27pt=25.4mm, 1cm=28.453pt)

(/usr/share/texmf-dist/tex/context/base/mkii/supp-pdf.mkii
[Loading MPS to PDF converter (version 2006.09.02).]
\scratchcounter=\count275
\scratchdimen=\dimen162
\scratchbox=\box52
\nofMPsegments=\count276
\nofMParguments=\count277
\everyMPshowfont=\toks21
\MPscratchCnt=\count278
\MPscratchDim=\dimen163
\MPnumerator=\count279
\makeMPintoPDFobject=\count280
\everyMPtoPDFconversion=\toks22
) (/usr/share/texmf-dist/tex/latex/epstopdf-pkg/epstopdf-base.sty
Package: epstopdf-base 2020-01-24 v2.11 Base part for package epstopdf
 (/usr/share/texmf-dist/tex/latex/grfext/grfext.sty
Package: grfext 2019/12/03 v1.3 Manage graphics extensions (HO)
)
Package epstopdf-base Info: Redefining graphics rule for `.eps' on input line 485.
Package grfext Info: Graphics extension search list:
(grfext)             [.pdf,.png,.jpg,.mps,.jpeg,.jbig2,.jb2,.PDF,.PNG,.JPG,.JPEG,.JBIG2,.JB2,.eps]
(grfext)             \AppendGraphicsExtensions on input line 504.
 (/usr/share/texmf-dist/tex/latex/latexconfig/epstopdf-sys.cfg
File: epstopdf-sys.cfg 2010/07/13 v1.3 Configuration of (r)epstopdf for TeX Live
)) (/usr/share/texmf-dist/tex/latex/graphics/color.sty
Package: color 2021/12/07 v1.3c Standard LaTeX Color (DPC)
 (/usr/share/texmf-dist/tex/latex/graphics-cfg/color.cfg
File: color.cfg 2016/01/02 v1.6 sample color configuration
)
Package color Info: Driver file: pdftex.def on input line 149.
)
Package hyperref Info: Link coloring ON on input line 44.
 (/usr/share/texmf-dist/tex/latex/hyperref/nameref.sty
Package: nameref 2021-04-02 v2.47 Cross-referencing by name of section
 (/usr/share/texmf-dist/tex/latex/refcount/refcount.sty
Package: refcount 2019/12/15 v3.6 Data extraction from label references (HO)
) (/usr/share/texmf-dist/tex/generic/gettitlestring/gettitlestring.sty
Package: gettitlestring 2019/12/15 v1.6 Cleanup title references (HO)
)
\c@section@level=\count281
)
LaTeX Info: Redefining \ref on input line 44.
LaTeX Info: Redefining \pageref on input line 44.
LaTeX Info: Redefining \nameref on input line 44.
 (./zorin.out) (./zorin.out)
\@outlinefile=\write3
\openout3 = `zorin.out'.

\openout2 = `portada.aux'.

 (./portada.tex
<provencana_color.pdf, id=20, 542.025pt x 542.025pt>
File: provencana_color.pdf Graphic file (type pdf)
<use provencana_color.pdf>
Package pdftex.def Info: provencana_color.pdf  used on input line 3.
(pdftex.def)             Requested size: 62.73549pt x 62.73268pt.


LaTeX Font Warning: Font shape `TS1/cmr/m/sc' undefined
(Font)              using `TS1/cmr/m/n' instead
(Font)              for symbol `textperiodcentered' on input line 21.

[1


{/var/lib/texmf/fonts/map/pdftex/updmap/pdftex.map} <./provencana_color.pdf>]) (./zorin.toc
LaTeX Font Info:    External font `cmex10' loaded for size
(Font)              <12> on input line 4.
LaTeX Font Info:    External font `cmex10' loaded for size
(Font)              <8> on input line 4.
LaTeX Font Info:    External font `cmex10' loaded for size
(Font)              <6> on input line 4.
)
\tf@toc=\write4
\openout4 = `zorin.toc'.

<provencana_bw.pdf, id=40, 542.025pt x 542.025pt>
File: provencana_bw.pdf Graphic file (type pdf)
<use provencana_bw.pdf>
Package pdftex.def Info: provencana_bw.pdf  used on input line 48.
(pdftex.def)             Requested size: 34.99301pt x 35.0pt.

pdfTeX warning (ext4): destination with the same identifier (name{page.1}) has been already used, duplicate ignored
<to be read again> 
                   \relax 
l.48 \newpage
              [1


 <./provencana_bw.pdf>]
File: provencana_bw.pdf Graphic file (type pdf)
<use provencana_bw.pdf>
Package pdftex.def Info: provencana_bw.pdf  used on input line 60.
(pdftex.def)             Requested size: 34.99301pt x 35.0pt.
 [2]
<imatges/a1.png, id=57, 722.7pt x 428.35031pt>
File: imatges/a1.png Graphic file (type png)
<use imatges/a1.png>
Package pdftex.def Info: imatges/a1.png  used on input line 64.
(pdftex.def)             Requested size: 376.42575pt x 223.10945pt.
<imatges/a2.png, id=59, 453.19313pt x 309.40594pt>
File: imatges/a2.png Graphic file (type png)
<use imatges/a2.png>
Package pdftex.def Info: imatges/a2.png  used on input line 65.
(pdftex.def)             Requested size: 376.42575pt x 256.99571pt.
File: provencana_bw.pdf Graphic file (type pdf)
<use provencana_bw.pdf>
Package pdftex.def Info: provencana_bw.pdf  used on input line 67.
(pdftex.def)             Requested size: 34.99301pt x 35.0pt.
 [3 <./imatges/a1.png> <./imatges/a2.png>]
<imatges/a3.png, id=69, 453.19313pt x 309.40594pt>
File: imatges/a3.png Graphic file (type png)
<use imatges/a3.png>
Package pdftex.def Info: imatges/a3.png  used on input line 69.
(pdftex.def)             Requested size: 376.42575pt x 256.99571pt.
<imatges/a4.png, id=70, 453.19313pt x 309.40594pt>
File: imatges/a4.png Graphic file (type png)
<use imatges/a4.png>
Package pdftex.def Info: imatges/a4.png  used on input line 70.
(pdftex.def)             Requested size: 376.42575pt x 256.99571pt.
File: provencana_bw.pdf Graphic file (type pdf)
<use provencana_bw.pdf>
Package pdftex.def Info: provencana_bw.pdf  used on input line 72.
(pdftex.def)             Requested size: 34.99301pt x 35.0pt.
 [4 <./imatges/a3.png> <./imatges/a4.png>]
<imatges/a5.png, id=79, 474.27188pt x 374.14781pt>
File: imatges/a5.png Graphic file (type png)
<use imatges/a5.png>
Package pdftex.def Info: imatges/a5.png  used on input line 74.
(pdftex.def)             Requested size: 328.79662pt x 259.37032pt.
<imatges/a6.png, id=80, 474.27188pt x 374.14781pt>
File: imatges/a6.png Graphic file (type png)
<use imatges/a6.png>
Package pdftex.def Info: imatges/a6.png  used on input line 75.
(pdftex.def)             Requested size: 328.79662pt x 259.37032pt.
File: provencana_bw.pdf Graphic file (type pdf)
<use provencana_bw.pdf>
Package pdftex.def Info: provencana_bw.pdf  used on input line 77.
(pdftex.def)             Requested size: 34.99301pt x 35.0pt.
 [5 <./imatges/a5.png> <./imatges/a6.png>]
<imatges/a7.png, id=89, 474.27188pt x 374.14781pt>
File: imatges/a7.png Graphic file (type png)
<use imatges/a7.png>
Package pdftex.def Info: imatges/a7.png  used on input line 81.
(pdftex.def)             Requested size: 376.42575pt x 296.96652pt.
File: provencana_bw.pdf Graphic file (type pdf)
<use provencana_bw.pdf>
Package pdftex.def Info: provencana_bw.pdf  used on input line 83.
(pdftex.def)             Requested size: 34.99301pt x 35.0pt.
 [6 <./imatges/a7.png>]
<imatges/a8.png, id=98, 722.7pt x 428.35031pt>
File: imatges/a8.png Graphic file (type png)
<use imatges/a8.png>
Package pdftex.def Info: imatges/a8.png  used on input line 85.
(pdftex.def)             Requested size: 376.42575pt x 223.10945pt.
<imatges/a9.png, id=99, 830.35219pt x 455.45157pt>
File: imatges/a9.png Graphic file (type png)
<use imatges/a9.png>
Package pdftex.def Info: imatges/a9.png  used on input line 86.
(pdftex.def)             Requested size: 376.42575pt x 206.46632pt.
<imatges/a10.png, id=100, 737.75626pt x 473.51906pt>
File: imatges/a10.png Graphic file (type png)
<use imatges/a10.png>
Package pdftex.def Info: imatges/a10.png  used on input line 87.
(pdftex.def)             Requested size: 376.42575pt x 241.59988pt.
File: provencana_bw.pdf Graphic file (type pdf)
<use provencana_bw.pdf>
Package pdftex.def Info: provencana_bw.pdf  used on input line 87.
(pdftex.def)             Requested size: 34.99301pt x 35.0pt.
 [7 <./imatges/a8.png> <./imatges/a9.png>]
<imatges/a11.png, id=109, 561.59813pt x 438.8897pt>
File: imatges/a11.png Graphic file (type png)
<use imatges/a11.png>
Package pdftex.def Info: imatges/a11.png  used on input line 88.
(pdftex.def)             Requested size: 376.42575pt x 294.17511pt.
File: provencana_bw.pdf Graphic file (type pdf)
<use provencana_bw.pdf>
Package pdftex.def Info: provencana_bw.pdf  used on input line 92.
(pdftex.def)             Requested size: 34.99301pt x 35.0pt.
 [8 <./imatges/a10.png> <./imatges/a11.png>]
<imatges/a12.png, id=118, 722.7pt x 428.35031pt>
File: imatges/a12.png Graphic file (type png)
<use imatges/a12.png>
Package pdftex.def Info: imatges/a12.png  used on input line 96.
(pdftex.def)             Requested size: 376.42575pt x 223.10945pt.
<imatges/a13.png, id=119, 481.8pt x 423.08063pt>
File: imatges/a13.png Graphic file (type png)
<use imatges/a13.png>
Package pdftex.def Info: imatges/a13.png  used on input line 97.
(pdftex.def)             Requested size: 332.30267pt x 291.79408pt.
File: provencana_bw.pdf Graphic file (type pdf)
<use provencana_bw.pdf>
Package pdftex.def Info: provencana_bw.pdf  used on input line 99.
(pdftex.def)             Requested size: 34.99301pt x 35.0pt.
 [9 <./imatges/a12.png> <./imatges/a13.png>]
<imatges/a14.png, id=128, 602.25pt x 513.41812pt>
File: imatges/a14.png Graphic file (type png)
<use imatges/a14.png>
Package pdftex.def Info: imatges/a14.png  used on input line 101.
(pdftex.def)             Requested size: 334.68462pt x 285.31328pt.
<imatges/a15.png, id=129, 602.25pt x 513.41812pt>
File: imatges/a15.png Graphic file (type png)
<use imatges/a15.png>
Package pdftex.def Info: imatges/a15.png  used on input line 104.
(pdftex.def)             Requested size: 334.68462pt x 285.31328pt.
File: provencana_bw.pdf Graphic file (type pdf)
<use provencana_bw.pdf>
Package pdftex.def Info: provencana_bw.pdf  used on input line 107.
(pdftex.def)             Requested size: 34.99301pt x 35.0pt.
 [10 <./imatges/a14.png> <./imatges/a15.png>]
<imatges/a16.png, id=138, 602.25pt x 513.41812pt>
File: imatges/a16.png Graphic file (type png)
<use imatges/a16.png>
Package pdftex.def Info: imatges/a16.png  used on input line 107.
(pdftex.def)             Requested size: 304.2487pt x 259.37032pt.
<imatges/a17.png, id=139, 602.25pt x 513.41812pt>
File: imatges/a17.png Graphic file (type png)
<use imatges/a17.png>
Package pdftex.def Info: imatges/a17.png  used on input line 110.
(pdftex.def)             Requested size: 304.2487pt x 259.37032pt.
File: provencana_bw.pdf Graphic file (type pdf)
<use provencana_bw.pdf>
Package pdftex.def Info: provencana_bw.pdf  used on input line 113.
(pdftex.def)             Requested size: 34.99301pt x 35.0pt.
 [11 <./imatges/a16.png> <./imatges/a17.png>]
<imatges/a18.png, id=148, 602.25pt x 513.41812pt>
File: imatges/a18.png Graphic file (type png)
<use imatges/a18.png>
Package pdftex.def Info: imatges/a18.png  used on input line 116.
(pdftex.def)             Requested size: 342.2844pt x 291.79408pt.
<imatges/a19.png, id=149, 602.25pt x 513.41812pt>
File: imatges/a19.png Graphic file (type png)
<use imatges/a19.png>
Package pdftex.def Info: imatges/a19.png  used on input line 117.
(pdftex.def)             Requested size: 342.2844pt x 291.79408pt.
File: provencana_bw.pdf Graphic file (type pdf)
<use provencana_bw.pdf>
Package pdftex.def Info: provencana_bw.pdf  used on input line 117.
(pdftex.def)             Requested size: 34.99301pt x 35.0pt.
 [12 <./imatges/a18.png>]
<imatges/a20.png, id=158, 602.25pt x 513.41812pt>
File: imatges/a20.png Graphic file (type png)
<use imatges/a20.png>
Package pdftex.def Info: imatges/a20.png  used on input line 120.
(pdftex.def)             Requested size: 342.2844pt x 291.79408pt.
File: provencana_bw.pdf Graphic file (type pdf)
<use provencana_bw.pdf>
Package pdftex.def Info: provencana_bw.pdf  used on input line 123.
(pdftex.def)             Requested size: 34.99301pt x 35.0pt.
 [13 <./imatges/a19.png> <./imatges/a20.png>]
<imatges/a21.png, id=167, 602.25pt x 513.41812pt>
File: imatges/a21.png Graphic file (type png)
<use imatges/a21.png>
Package pdftex.def Info: imatges/a21.png  used on input line 127.
(pdftex.def)             Requested size: 342.2844pt x 291.79408pt.
File: provencana_bw.pdf Graphic file (type pdf)
<use provencana_bw.pdf>
Package pdftex.def Info: provencana_bw.pdf  used on input line 129.
(pdftex.def)             Requested size: 34.99301pt x 35.0pt.
 [14 <./imatges/a21.png>]
<imatges/a22.png, id=175, 602.25pt x 513.41812pt>
File: imatges/a22.png Graphic file (type png)
<use imatges/a22.png>
Package pdftex.def Info: imatges/a22.png  used on input line 131.
(pdftex.def)             Requested size: 342.2844pt x 291.79408pt.
<imatges/a23.png, id=176, 602.25pt x 513.41812pt>
File: imatges/a23.png Graphic file (type png)
<use imatges/a23.png>
Package pdftex.def Info: imatges/a23.png  used on input line 132.
(pdftex.def)             Requested size: 342.2844pt x 291.79408pt.
File: provencana_bw.pdf Graphic file (type pdf)
<use provencana_bw.pdf>
Package pdftex.def Info: provencana_bw.pdf  used on input line 134.
(pdftex.def)             Requested size: 34.99301pt x 35.0pt.
 [15 <./imatges/a22.png> <./imatges/a23.png>]
<imatges/a24.png, id=185, 602.25pt x 513.41812pt>
File: imatges/a24.png Graphic file (type png)
<use imatges/a24.png>
Package pdftex.def Info: imatges/a24.png  used on input line 138.
(pdftex.def)             Requested size: 334.68462pt x 285.31328pt.
<imatges/a25.png, id=186, 602.25pt x 513.41812pt>
File: imatges/a25.png Graphic file (type png)
<use imatges/a25.png>
Package pdftex.def Info: imatges/a25.png  used on input line 139.
(pdftex.def)             Requested size: 334.68462pt x 285.31328pt.
File: provencana_bw.pdf Graphic file (type pdf)
<use provencana_bw.pdf>
Package pdftex.def Info: provencana_bw.pdf  used on input line 142.
(pdftex.def)             Requested size: 34.99301pt x 35.0pt.
 [16 <./imatges/a24.png> <./imatges/a25.png>] (./zorin.aux (./portada.aux))

LaTeX Font Warning: Some font shapes were not available, defaults substituted.

Package rerunfilecheck Info: File `zorin.out' has not changed.
(rerunfilecheck)             Checksum: 98C017336A525D79F561D29A386464F9;688.
 ) 
Here is how much of TeX's memory you used:
 10452 strings out of 478238
 166303 string characters out of 5850456
 476409 words of memory out of 5000000
 28510 multiletter control sequences out of 15000+600000
 477272 words of font info for 54 fonts, out of 8000000 for 9000
 1141 hyphenation exceptions out of 8191
 60i,15n,63p,324b,413s stack positions out of 5000i,500n,10000p,200000b,80000s
{/usr/share/texmf-dist/fonts/enc/dvips/cm-super/cm-super-ts1.enc}</usr/share/texmf-dist/fonts/type1/public/amsfonts/cm/cmbx12.pfb></usr/share/texmf-dist/fonts/type1/public/amsfonts/cm/cmcsc10.pfb></usr/share/texmf-dist/fonts/type1/public/amsfonts/cm/cmr12.pfb></usr/share/texmf-dist/fonts/type1/public/amsfonts/cm/cmti12.pfb></usr/share/texmf-dist/fonts/type1/public/amsfonts/cm/cmtt12.pfb></usr/share/texmf-dist/fonts/type1/public/cm-super/sfbx1200.pfb></usr/share/texmf-dist/fonts/type1/public/cm-super/sfbx2074.pfb></usr/share/texmf-dist/fonts/type1/public/cm-super/sfrm1000.pfb></usr/share/texmf-dist/fonts/type1/public/cm-super/sfrm1200.pfb></usr/share/texmf-dist/fonts/type1/public/cm-super/sfrm1440.pfb>
Output written on zorin.pdf (17 pages, 2270201 bytes).
PDF statistics:
 247 PDF objects out of 1000 (max. 8388607)
 137 compressed objects within 2 object streams
 21 named destinations out of 1000 (max. 500000)
 270 words of extra memory for PDF output out of 10000 (max. 10000000)

